TN:
SF:src\app.ts
FNF:0
FNH:0
DA:4,0
DA:5,0
DA:6,0
LF:3
LH:0
BRF:0
BRH:0
end_of_record
TN:
SF:src\controller\auth.ts
FN:12,(anonymous_1)
FN:88,(anonymous_2)
FN:110,(anonymous_3)
FNF:3
FNH:2
FNDA:0,(anonymous_1)
FNDA:20,(anonymous_2)
FNDA:17,(anonymous_3)
DA:1,2
DA:2,2
DA:3,2
DA:4,2
DA:5,2
DA:6,2
DA:7,2
DA:8,2
DA:10,2
DA:12,2
DA:13,0
DA:15,0
DA:16,0
DA:19,0
DA:23,0
DA:24,0
DA:27,0
DA:31,0
DA:32,0
DA:37,0
DA:38,0
DA:39,0
DA:40,0
DA:41,0
DA:42,0
DA:45,0
DA:47,0
DA:48,0
DA:51,0
DA:58,0
DA:66,0
DA:68,0
DA:74,0
DA:80,0
DA:88,2
DA:89,20
DA:90,20
DA:91,5
DA:93,15
DA:100,14
DA:101,3
DA:104,11
DA:105,11
DA:107,11
DA:108,2
DA:110,17
DA:112,9
DA:118,9
LF:48
LH:24
BRDA:15,0,0,0
BRDA:15,0,1,0
BRDA:15,1,0,0
BRDA:15,1,1,0
BRDA:15,1,2,0
BRDA:15,1,3,0
BRDA:15,1,4,0
BRDA:23,2,0,0
BRDA:23,2,1,0
BRDA:31,3,0,0
BRDA:31,3,1,0
BRDA:39,4,0,0
BRDA:39,4,1,0
BRDA:41,5,0,0
BRDA:41,5,1,0
BRDA:47,6,0,0
BRDA:47,6,1,0
BRDA:47,7,0,0
BRDA:47,7,1,0
BRDA:61,8,0,0
BRDA:61,8,1,0
BRDA:90,9,0,5
BRDA:90,9,1,15
BRDA:90,10,0,20
BRDA:90,10,1,17
BRDA:100,11,0,3
BRDA:100,11,1,11
BRDA:107,12,0,2
BRDA:107,12,1,9
BRF:29
BRH:8
end_of_record
TN:
SF:src\middleware\multer.ts
FNF:0
FNH:0
DA:1,1
DA:3,1
DA:5,1
DA:7,1
LF:4
LH:4
BRF:0
BRH:0
end_of_record
TN:
SF:src\routers\auth.ts
FNF:0
FNH:0
DA:1,1
DA:2,1
DA:3,1
DA:5,1
DA:7,1
DA:9,1
DA:10,1
LF:7
LH:7
BRF:0
BRH:0
end_of_record
TN:
SF:src\utils\TryCatch.ts
FN:4,(anonymous_1)
FN:7,(anonymous_2)
FNF:2
FNH:2
FNDA:4,(anonymous_1)
FNDA:20,(anonymous_2)
DA:2,2
DA:4,2
DA:7,4
DA:8,20
DA:9,20
DA:11,11
DA:12,10
DA:14,1
LF:8
LH:8
BRDA:11,0,0,10
BRDA:11,0,1,1
BRDA:16,1,0,1
BRDA:16,1,1,0
BRF:4
BRH:3
end_of_record
TN:
SF:src\utils\buffer.ts
FN:3,(anonymous_1)
FNF:1
FNH:0
FNDA:0,(anonymous_1)
DA:1,2
DA:2,2
DA:3,2
DA:4,0
DA:5,0
DA:6,0
DA:9,2
LF:7
LH:4
BRF:0
BRH:0
end_of_record
TN:
SF:src\utils\db.ts
FNF:0
FNH:0
DA:1,2
DA:2,2
DA:3,2
DA:5,2
LF:4
LH:4
BRF:0
BRH:0
end_of_record
TN:
SF:src\utils\errorHandle.ts
FN:3,(anonymous_0)
FNF:1
FNH:1
FNDA:10,(anonymous_0)
DA:1,2
DA:4,10
DA:5,10
DA:7,10
LF:4
LH:4
BRF:0
BRH:0
end_of_record
